TTLocalizer: Running in language: English
OTPLocalizer: Running in language: English
Preloading suits...
Preloading Toon heads...
Traceback (most recent call last):
  File "C:\Panda3D-1.10.0\python\lib\runpy.py", line 162, in _run_module_as_main
    "__main__", fname, loader, pkg_name)
  File "C:\Panda3D-1.10.0\python\lib\runpy.py", line 72, in _run_code
    exec code in run_globals
  File "C:\Users\Abrahan\Documents\GitHub\Toontown_Server\toontown\toonbase\ToontownStart.py", line 172, in <module>
    from toontown.distributed import ToontownClientRepository
  File "toontown\distributed\ToontownClientRepository.py", line 32, in <module>
    from toontown.friends import FriendsListPanel
  File "toontown\friends\FriendsListPanel.py", line 4, in <module>
    from toontown.toon import ToonAvatarPanel
  File "toontown\toon\ToonAvatarPanel.py", line 4, in <module>
    import ToonHead
  File "toontown\toon\ToonHead.py", line 70, in <module>
    preloadToonHeads()
  File "toontown\toon\ToonHead.py", line 67, in preloadToonHeads
    PreloadHeads['phase_3' + fileRoot + '250'] = loader.loadModel('phase_3' + fileRoot + '250')
  File "toontown\toonbase\ToontownLoader.py", line 72, in loadModel
    ret = Loader.Loader.loadModel(self, *args, **kw)
  File "C:\Panda3D-1.10.0\direct\showbase\Loader.py", line 160, in loadModel
    node = self.loader.loadSync(Filename(modelPath), loaderOptions)
KeyboardInterrupt
