TTLocalizer: Running in language: English
OTPLocalizer: Running in language: English
Preloading suits...
Preloading Toon heads...
Preloading avatars...
Traceback (most recent call last):
  File "C:\Panda3D-1.10.0\python\lib\runpy.py", line 162, in _run_module_as_main
    "__main__", fname, loader, pkg_name)
  File "C:\Panda3D-1.10.0\python\lib\runpy.py", line 72, in _run_code
    exec code in run_globals
  File "C:\Users\Abrahan\Documents\GitHub\Toontown_Server\toontown\toonbase\ToontownStart.py", line 172, in <module>
    from toontown.distributed import ToontownClientRepository
  File "toontown\distributed\ToontownClientRepository.py", line 35, in <module>
    from toontown.makeatoon import MakeAToon
  File "toontown\makeatoon\MakeAToon.py", line 21, in <module>
    from toontown.toon import LocalToon
  File "toontown\toon\LocalToon.py", line 35, in <module>
    from toontown.shtiker import EventsPage
  File "toontown\shtiker\EventsPage.py", line 15, in <module>
    from toontown.parties.Party import Party
  File "toontown\parties\Party.py", line 6, in <module>
    from toontown.hood import Place
  File "toontown\hood\Place.py", line 18, in <module>
    from toontown.distributed import ToontownDistrictStats
  File "toontown\distributed\ToontownDistrictStats.py", line 1, in <module>
    from direct.showbase import DirectObject
KeyboardInterrupt
